Tipo de evento : IDENTIFY_SUCCESS_FINGERPRINT
Device ID : 538849673
ID : 40951294
Tipo de evento : UNLOCKED
Device ID : 538849673
Tipo de evento : LOCKED
Device ID : 538849673
Tipo de evento : IDENTIFY_SUCCESS_FINGERPRINT
Device ID : 538849673
ID : 40951294
Tipo de evento : UNLOCKED
Device ID : 538849673
Tipo de evento : LOCKED
Device ID : 538849673
***********************************************************************************
Fecha / Hora : 2023/02/24 17:38:04
***********************************************************************************
Fecha / Hora : 2023/02/24 17:38:15
Tipo de evento : IDENTIFY_SUCCESS_FINGERPRINT
Device ID : 538849673
ID : 40951294
***********************************************************************************
Fecha / Hora : 2023/02/24 17:38:15
***********************************************************************************
Fecha / Hora : 2023/02/24 17:38:15
***********************************************************************************
Fecha / Hora : 2023/02/24 17:38:16
***********************************************************************************
Fecha / Hora : 2023/02/24 17:39:04
Tipo de evento : IDENTIFY_SUCCESS_FINGERPRINT
Device ID : 538849673
ID : 40951294
***********************************************************************************
Fecha / Hora : 2023/02/24 17:39:04
***********************************************************************************
Fecha / Hora : 2023/02/24 17:39:08
Tipo de evento : IDENTIFY_SUCCESS_FINGERPRINT
Device ID : 538849673
ID : 40951294
***********************************************************************************
Fecha / Hora : 2023/02/24 17:39:08
***********************************************************************************
Fecha / Hora : 2023/02/24 17:39:42
Tipo de evento : IDENTIFY_SUCCESS_FINGERPRINT
Device ID : 538849673
ID : 40951294
***********************************************************************************
Fecha / Hora : 2023/02/24 17:39:44
Tipo de evento : IDENTIFY_SUCCESS_FINGERPRINT
Device ID : 538849673
ID : 40951294
***********************************************************************************
Fecha / Hora : 2023/02/24 17:39:49
Tipo de evento : IDENTIFY_SUCCESS_FINGERPRINT
Device ID : 538849673
ID : 40951294
***********************************************************************************
Fecha / Hora : 2023/02/24 17:40:07
Tipo de evento : IDENTIFY_SUCCESS_FINGERPRINT
Device ID : 538849673
ID : 40951294
