***********************************************************************************
Fecha / Hora : 2022/12/27 17:25:00
pressTick : 0
tick : 87808801
Diff : 87808801
***********************************************************************************
Fecha / Hora : 2022/12/27 17:25:00
Entrada 1
***********************************************************************************
Fecha / Hora : 2022/12/27 17:26:01
pressTick : 0
tick : 149084173
Diff : 149084173
***********************************************************************************
Fecha / Hora : 2022/12/27 17:26:01
Entrada 1
***********************************************************************************
Fecha / Hora : 2022/12/27 17:28:08
pressTick : 0
tick : 276219801
Diff : 276219801
***********************************************************************************
Fecha / Hora : 2022/12/27 17:28:08
Entrada 1
***********************************************************************************
Fecha / Hora : 2022/12/27 17:29:01
pressTick : 0
tick : 328511303
Diff : 328511303
***********************************************************************************
Fecha / Hora : 2022/12/27 17:29:01
Entrada 1
***********************************************************************************
Fecha / Hora : 2022/12/27 17:30:04
pressTick : 0
tick : 391554946
Diff : 391554946
***********************************************************************************
Fecha / Hora : 2022/12/27 17:30:04
Entrada 1
***********************************************************************************
Fecha / Hora : 2022/12/27 17:30:05
pressTick : 391554946
tick : 391555047
Diff : 101
***********************************************************************************
Fecha / Hora : 2022/12/27 17:30:11
pressTick : 391555047
tick : 398430026
Diff : 6874979
***********************************************************************************
Fecha / Hora : 2022/12/27 17:30:11
Entrada 1
***********************************************************************************
Fecha / Hora : 2022/12/27 17:30:19
pressTick : 398430026
tick : 406741771
Diff : 8311745
***********************************************************************************
Fecha / Hora : 2022/12/27 17:30:19
Entrada 1
***********************************************************************************
Fecha / Hora : 2022/12/27 17:30:57
pressTick : 406741771
tick : 445146460
Diff : 38404689
***********************************************************************************
Fecha / Hora : 2022/12/27 17:30:57
Entrada 1
***********************************************************************************
Fecha / Hora : 2022/12/27 17:31:52
pressTick : 445146460
tick : 500264183
Diff : 55117723
***********************************************************************************
Fecha / Hora : 2022/12/27 17:31:52
Entrada 1
***********************************************************************************
Fecha / Hora : 2022/12/27 17:46:23
pressTick : 0
tick : 91878245
Diff : 91878245
***********************************************************************************
Fecha / Hora : 2022/12/27 17:46:23
Entrada 1
***********************************************************************************
Fecha / Hora : 2022/12/27 17:46:24
pressTick : 91878245
tick : 92345545
Diff : 467300
***********************************************************************************
Fecha / Hora : 2022/12/27 17:48:07
pressTick : 0
tick : 195704479
Diff : 195704479
***********************************************************************************
Fecha / Hora : 2022/12/27 17:48:07
Entrada 1
***********************************************************************************
Fecha / Hora : 2022/12/27 17:48:08
pressTick : 195704479
tick : 196229024
Diff : 524545
***********************************************************************************
Fecha / Hora : 2022/12/27 17:48:08
Entrada 1
***********************************************************************************
Fecha / Hora : 2022/12/27 17:48:19
pressTick : 196229024
tick : 208076328
Diff : 11847304
***********************************************************************************
Fecha / Hora : 2022/12/27 17:48:19
Entrada 1
***********************************************************************************
Fecha / Hora : 2022/12/27 17:49:07
pressTick : 208076328
tick : 255631787
Diff : 47555459
***********************************************************************************
Fecha / Hora : 2022/12/27 17:49:07
Entrada 1
***********************************************************************************
Fecha / Hora : 2022/12/27 17:49:13
pressTick : 255631787
tick : 262204152
Diff : 6572365
***********************************************************************************
Fecha / Hora : 2022/12/27 17:49:13
Entrada 1
***********************************************************************************
Fecha / Hora : 2022/12/27 17:49:15
pressTick : 262204152
tick : 262813462
Diff : 609310
***********************************************************************************
Fecha / Hora : 2022/12/27 17:49:15
Entrada 1
***********************************************************************************
Fecha / Hora : 2022/12/27 17:49:16
pressTick : 262813462
tick : 262813907
Diff : 445
***********************************************************************************
Fecha / Hora : 2022/12/28 09:23:21
pressTick : 0
tick : 281127934
Diff : 281127934
***********************************************************************************
Fecha / Hora : 2022/12/28 09:23:21
Entrada 1
***********************************************************************************
Fecha / Hora : 2022/12/28 09:23:22
pressTick : 281127934
tick : 281128029
Diff : 95
***********************************************************************************
Fecha / Hora : 2022/12/28 09:23:26
pressTick : 281128029
tick : 286752409
Diff : 5624380
***********************************************************************************
Fecha / Hora : 2022/12/28 09:23:26
Entrada 1
***********************************************************************************
Fecha / Hora : 2022/12/28 09:24:06
pressTick : 286752409
tick : 326503543
Diff : 39751134
***********************************************************************************
Fecha / Hora : 2022/12/28 09:24:06
Entrada 1
***********************************************************************************
Fecha / Hora : 2022/12/28 09:25:25
pressTick : 0
tick : 405198260
Diff : 405198260
***********************************************************************************
Fecha / Hora : 2022/12/28 09:25:25
Entrada 1
***********************************************************************************
Fecha / Hora : 2022/12/28 09:30:29
pressTick : 0
tick : 709494517
Diff : 709494517
***********************************************************************************
Fecha / Hora : 2022/12/28 09:30:29
Entrada 1
***********************************************************************************
Fecha / Hora : 2022/12/28 09:42:30
pressTick : 0
tick : 1430376249
Diff : 1430376249
***********************************************************************************
Fecha / Hora : 2022/12/28 09:42:30
Entrada 1
***********************************************************************************
Fecha / Hora : 2022/12/28 09:42:31
pressTick : 1430376249
tick : 1430376389
Diff : 140
***********************************************************************************
Fecha / Hora : 2022/12/28 09:42:31
pressTick : 1430376389
tick : 1430836904
Diff : 460515
***********************************************************************************
Fecha / Hora : 2022/12/28 09:59:39
pressTick : 1430836904
tick : 2459361948
Diff : 1028525044
***********************************************************************************
Fecha / Hora : 2022/12/28 09:59:39
Entrada 1
***********************************************************************************
Fecha / Hora : 2022/12/28 10:19:00
pressTick : 2459361948
tick : 3620496208
Diff : 1161134260
***********************************************************************************
Fecha / Hora : 2022/12/28 10:19:00
Entrada 1
***********************************************************************************
Fecha / Hora : 2022/12/28 10:19:01
pressTick : 3620496208
tick : 3621148598
Diff : 652390
***********************************************************************************
Fecha / Hora : 2022/12/28 10:19:01
Entrada 1
***********************************************************************************
Fecha / Hora : 2022/12/28 10:25:53
pressTick : 0
tick : 122453284
Diff : 122453284
***********************************************************************************
Fecha / Hora : 2022/12/28 10:25:53
Entrada 1
***********************************************************************************
Fecha / Hora : 2022/12/28 10:26:04
pressTick : 122453284
tick : 133433624
Diff : 10980340
***********************************************************************************
Fecha / Hora : 2022/12/28 10:26:04
Entrada 1
***********************************************************************************
Fecha / Hora : 2022/12/28 10:28:33
pressTick : 133433624
tick : 281950985
Diff : 148517361
***********************************************************************************
Fecha / Hora : 2022/12/28 10:28:33
Entrada 1
***********************************************************************************
Fecha / Hora : 2022/12/28 11:05:21
pressTick : 0
tick : 622788257
Diff : 622788257
***********************************************************************************
Fecha / Hora : 2022/12/28 11:05:21
Entrada 1
***********************************************************************************
Fecha / Hora : 2022/12/28 11:07:25
pressTick : 0
tick : 746804980
Diff : 746804980
***********************************************************************************
Fecha / Hora : 2022/12/28 11:07:25
Entrada 1
***********************************************************************************
Fecha / Hora : 2022/12/28 11:45:52
pressTick : 0
tick : 306604553
Diff : 306604553
***********************************************************************************
Fecha / Hora : 2022/12/28 11:45:52
Entrada 1
